 
****************************************
Report : reference
Design : BarrelShifter
Version: U-2022.12
Date   : Fri Jun 19 11:21:29 2026
****************************************

Attributes:
    b - black box (unknown)
   bo - allows boundary optimization
    d - dont_touch
   mo - map_only
    h - hierarchical
    n - noncombinational
    r - removable
    s - synthetic operator
    u - contains unmapped logic

Reference          Library       Unit Area   Count    Total Area   Attributes
-----------------------------------------------------------------------------
AND2_X1            NangateOpenCellLibrary
                                  1.064000       4      4.256000  
AOI21_X1           NangateOpenCellLibrary
                                  1.064000      13     13.832000  
AOI21_X2           NangateOpenCellLibrary
                                  1.862000       1      1.862000  
AOI22_X1           NangateOpenCellLibrary
                                  1.330000      52     69.160002  
AOI22_X2           NangateOpenCellLibrary
                                  2.394000       1      2.394000  
AOI211_X1          NangateOpenCellLibrary
                                  1.330000       2      2.660000  
AOI221_X1          NangateOpenCellLibrary
                                  1.596000       4      6.384000  
AOI222_X1          NangateOpenCellLibrary
                                  2.128000       1      2.128000  
CLKBUF_X1          NangateOpenCellLibrary
                                  0.798000       1      0.798000  
INV_X1             NangateOpenCellLibrary
                                  0.532000      44     23.408000  
NAND2_X1           NangateOpenCellLibrary
                                  0.798000      17     13.566000  
NAND3_X1           NangateOpenCellLibrary
                                  1.064000       3      3.192000  
NAND4_X1           NangateOpenCellLibrary
                                  1.330000       1      1.330000  
NOR2_X1            NangateOpenCellLibrary
                                  0.798000      19     15.162000  
NOR3_X1            NangateOpenCellLibrary
                                  1.064000       4      4.256000  
NOR4_X1            NangateOpenCellLibrary
                                  1.330000       3      3.990000  
OAI21_X1           NangateOpenCellLibrary
                                  1.064000      14     14.896000  
OAI22_X1           NangateOpenCellLibrary
                                  1.330000      17     22.610001  
OAI33_X1           NangateOpenCellLibrary
                                  1.862000       1      1.862000  
OAI211_X1          NangateOpenCellLibrary
                                  1.330000       1      1.330000  
OAI221_X1          NangateOpenCellLibrary
                                  1.596000       9     14.364000  
OAI222_X1          NangateOpenCellLibrary
                                  2.128000       1      2.128000  
OR2_X1             NangateOpenCellLibrary
                                  1.064000       2      2.128000  
-----------------------------------------------------------------------------
Total 23 references                                   227.696003
1
