 
****************************************
Report : timing
        -path full
        -delay max
        -max_paths 1
Design : BarrelShifter
Version: U-2022.12
Date   : Fri Jun 19 16:32:42 2026
****************************************

Operating Conditions: typical   Library: NangateOpenCellLibrary
Wire Load Model Mode: top

  Startpoint: fmt[0] (input port)
  Endpoint: sticky[2] (output port)
  Path Group: (none)
  Path Type: max

  Des/Clust/Port     Wire Load Model       Library
  ------------------------------------------------
  BarrelShifter      5K_hvratio_1_1        NangateOpenCellLibrary

  Point                                    Incr       Path
  -----------------------------------------------------------
  input external delay                     0.00       0.00 f
  fmt[0] (in)                              0.00       0.00 f
  U219/ZN (INV_X1)                         0.04       0.04 r
  U222/ZN (NAND2_X1)                       0.06       0.10 f
  U221/ZN (INV_X1)                         0.12       0.22 r
  U220/Z (CLKBUF_X1)                       0.14       0.36 r
  U255/ZN (AOI22_X1)                       0.07       0.43 f
  U260/ZN (INV_X1)                         0.09       0.52 r
  U265/ZN (NAND2_X1)                       0.05       0.57 f
  U266/ZN (OR2_X1)                         0.07       0.64 f
  U275/ZN (OAI22_X1)                       0.07       0.71 r
  U298/ZN (OAI22_X1)                       0.05       0.76 f
  U299/ZN (OR2_X1)                         0.07       0.84 f
  U349/ZN (NAND4_X1)                       0.04       0.88 r
  U362/ZN (AOI21_X1)                       0.03       0.91 f
  U363/ZN (OAI22_X1)                       0.05       0.97 r
  sticky[2] (out)                          0.00       0.97 r
  data arrival time                                   0.97
  -----------------------------------------------------------
  (Path is unconstrained)


1
