 
****************************************
Report : timing
        -path full
        -delay max
        -max_paths 1
Design : barrel_shifter
Version: U-2022.12
Date   : Fri Jun 19 07:29:19 2026
****************************************

Operating Conditions: typical   Library: NangateOpenCellLibrary
Wire Load Model Mode: top

  Startpoint: fmt (input port)
  Endpoint: Sticky_h (output port)
  Path Group: (none)
  Path Type: max

  Des/Clust/Port     Wire Load Model       Library
  ------------------------------------------------
  barrel_shifter     5K_hvratio_1_1        NangateOpenCellLibrary

  Point                                    Incr       Path
  -----------------------------------------------------------
  input external delay                     0.00       0.00 r
  fmt (in)                                 0.00       0.00 r
  U172/ZN (INV_X1)                         0.05       0.05 f
  U177/ZN (NAND2_X1)                       0.06       0.11 r
  U178/ZN (INV_X1)                         0.04       0.15 f
  U179/ZN (AOI21_X1)                       0.14       0.28 r
  U237/ZN (INV_X1)                         0.05       0.33 f
  U238/ZN (AND2_X1)                        0.07       0.40 f
  U252/ZN (AOI222_X1)                      0.15       0.55 r
  U263/ZN (INV_X1)                         0.04       0.59 f
  U265/ZN (AOI211_X1)                      0.09       0.69 r
  U267/ZN (NAND4_X1)                       0.05       0.74 f
  U268/ZN (NAND2_X1)                       0.04       0.77 r
  U269/ZN (NAND4_X1)                       0.04       0.81 f
  Sticky_h (out)                           0.00       0.82 f
  data arrival time                                   0.82
  -----------------------------------------------------------
  (Path is unconstrained)


1
