Information: Propagating switching activity (low effort zero delay simulation). (PWR-6)
Warning: There is no defined clock in the design. (PWR-80)
Warning: Design has unannotated primary inputs. (PWR-414)
 
****************************************
Report : power
        -analysis_effort low
Design : AbsComparator
Version: U-2022.12
Date   : Fri Jun 19 06:20:04 2026
****************************************


Library(s) Used:

    NangateOpenCellLibrary (File: /autofs/fs1.ece/fs1.eecg.janders/bhilareo/form_files/NanGate_45nm_OCL_v2010_12/pdk_v1.3_v2010_12/NangateOpenCellLibrary_PDKv1_3_v2010_12/NangateOpenCellLibrary_PDKv1_3_v2010_12/Front_End/Liberty/NangateOpenCellLibrary_typical_CCS.db)


Operating Conditions: typical   Library: NangateOpenCellLibrary
Wire Load Model Mode: top

Design        Wire Load Model            Library
------------------------------------------------
AbsComparator          5K_hvratio_1_1    NangateOpenCellLibrary


Global Operating Voltage = 1.1  
Power-specific unit information :
    Voltage Units = 1V
    Capacitance Units = 1.000000ff
    Time Units = 1ns
    Dynamic Power Units = 1uW    (derived from V,C,T units)
    Leakage Power Units = 1nW


Attributes
----------
i - Including register clock pin internal power


  Cell Internal Power  =  22.0620 uW   (47%)
  Net Switching Power  =  24.5865 uW   (53%)
                         ---------
Total Dynamic Power    =  46.6485 uW  (100%)

Cell Leakage Power     =   2.1150 uW

Information: report_power power group summary does not include estimated clock tree power. (PWR-789)

                 Internal         Switching           Leakage            Total
Power Group      Power            Power               Power              Power   (   %    )  Attrs
--------------------------------------------------------------------------------------------------
io_pad             0.0000            0.0000            0.0000            0.0000  (   0.00%)
memory             0.0000            0.0000            0.0000            0.0000  (   0.00%)
black_box          0.0000            0.0000            0.0000            0.0000  (   0.00%)
clock_network      0.0000            0.0000            0.0000            0.0000  (   0.00%)  i
register           0.0000            0.0000            0.0000            0.0000  (   0.00%)
sequential         0.0000            0.0000            0.0000            0.0000  (   0.00%)
combinational     22.0620           24.5865        2.1150e+03           48.7635  ( 100.00%)
--------------------------------------------------------------------------------------------------
Total             22.0620 uW        24.5865 uW     2.1150e+03 nW        48.7635 uW
1
