 
****************************************
Report : timing
        -path full
        -delay max
        -max_paths 1
Design : AbsComparator
Version: U-2022.12
Date   : Fri Jun 19 06:20:04 2026
****************************************

Operating Conditions: typical   Library: NangateOpenCellLibrary
Wire Load Model Mode: top

  Startpoint: operandX[1]
              (input port)
  Endpoint: swap[3] (output port)
  Path Group: (none)
  Path Type: max

  Des/Clust/Port     Wire Load Model       Library
  ------------------------------------------------
  AbsComparator      5K_hvratio_1_1        NangateOpenCellLibrary

  Point                                    Incr       Path
  -----------------------------------------------------------
  input external delay                     0.00       0.00 f
  operandX[1] (in)                         0.00       0.00 f
  U53/ZN (INV_X1)                          0.03       0.03 r
  U54/ZN (OAI21_X1)                        0.03       0.05 f
  U56/ZN (OAI22_X1)                        0.06       0.12 r
  U58/ZN (AOI222_X1)                       0.06       0.17 f
  U59/ZN (AOI222_X1)                       0.14       0.31 r
  U61/ZN (AOI222_X1)                       0.06       0.38 f
  U62/ZN (AOI222_X1)                       0.14       0.52 r
  U64/ZN (AOI222_X1)                       0.06       0.58 f
  U66/ZN (OAI22_X1)                        0.06       0.64 r
  U73/ZN (OAI21_X1)                        0.04       0.68 f
  U75/ZN (OAI22_X1)                        0.06       0.74 r
  U76/ZN (NOR2_X1)                         0.03       0.77 f
  U78/ZN (OAI21_X1)                        0.06       0.83 r
  U80/ZN (AOI222_X1)                       0.05       0.89 f
  U81/ZN (AOI222_X1)                       0.14       1.02 r
  U83/ZN (AOI222_X1)                       0.06       1.09 f
  U84/ZN (AOI222_X1)                       0.14       1.23 r
  U86/ZN (AOI222_X1)                       0.06       1.29 f
  U87/ZN (AOI222_X1)                       0.12       1.42 r
  U94/ZN (OAI211_X1)                       0.06       1.47 f
  U95/ZN (OAI21_X1)                        0.05       1.52 r
  U96/ZN (NOR2_X1)                         0.03       1.55 f
  U98/ZN (OAI21_X1)                        0.06       1.61 r
  U100/ZN (AOI222_X1)                      0.05       1.66 f
  U101/ZN (AOI222_X1)                      0.14       1.80 r
  U103/ZN (AOI222_X1)                      0.06       1.87 f
  U104/ZN (AOI222_X1)                      0.14       2.01 r
  U106/ZN (AOI222_X1)                      0.06       2.06 f
  U108/ZN (OAI22_X1)                       0.06       2.12 r
  U113/ZN (NAND2_X1)                       0.04       2.16 f
  U114/ZN (NAND2_X1)                       0.04       2.20 r
  U115/ZN (NAND2_X1)                       0.03       2.23 f
  U116/ZN (OAI21_X1)                       0.04       2.27 r
  U118/ZN (AOI222_X1)                      0.05       2.32 f
  U119/ZN (AOI222_X1)                      0.14       2.46 r
  U121/ZN (AOI222_X1)                      0.06       2.53 f
  U122/ZN (AOI222_X1)                      0.14       2.67 r
  U124/ZN (AOI222_X1)                      0.06       2.73 f
  U125/ZN (AOI222_X1)                      0.11       2.84 r
  swap[3] (out)                            0.00       2.84 r
  data arrival time                                   2.84
  -----------------------------------------------------------
  (Path is unconstrained)


1
